This is pdfTeX, Version 3.14159265-2.6-1.40.21 (TeX Live 2020/Arch Linux) (preloaded format=pdflatex 2020.9.8)  15 SEP 2020 15:39
entering extended mode
 restricted \write18 enabled.
 file:line:error style messages enabled.
 %&-line parsing enabled.
**/home/_starkiller/Desktop/tesi/tesi.tex
(/home/_starkiller/Desktop/tesi/tesi.tex
LaTeX2e <2020-02-02> patch level 5
L3 programming layer <2020-06-03> (/usr/share/texmf-dist/tex/latex/base/book.cls
Document Class: book 2019/12/20 v1.4l Standard LaTeX document class
(/usr/share/texmf-dist/tex/latex/base/bk12.clo
File: bk12.clo 2019/12/20 v1.4l Standard LaTeX file (size option)
)
\c@part=\count167
\c@chapter=\count168
\c@section=\count169
\c@subsection=\count170
\c@subsubsection=\count171
\c@paragraph=\count172
\c@subparagraph=\count173
\c@figure=\count174
\c@table=\count175
\abovecaptionskip=\skip47
\belowcaptionskip=\skip48
\bibindent=\dimen134
) (/usr/share/texmf-dist/tex/latex/base/fontenc.sty
Package: fontenc 2020/02/11 v2.0o Standard LaTeX package
) (/usr/share/texmf-dist/tex/generic/babel/babel.sty
Package: babel 2020/05/13 3.44 The Babel package
 (/usr/share/texmf-dist/tex/generic/babel/babel.def
File: babel.def 2020/05/13 3.44 Babel common definitions
\babel@savecnt=\count176
\U@D=\dimen135
\l@babelnohyphens=\language86
 (/usr/share/texmf-dist/tex/generic/babel/txtbabel.def)
\bbl@readstream=\read2
)
\bbl@dirlevel=\count177
 (/usr/share/texmf-dist/tex/generic/babel-italian/italian.ldf
Language: italian 2020/05/21 v.1.4.04 Italian support for the babel system
\it@lettering=\count178
\it@doublequoteactive=\count179
\it@ISOcompliance=\count180
)) (/usr/share/texmf-dist/tex/latex/etoolbox/etoolbox.sty
Package: etoolbox 2019/09/21 v2.5h e-TeX tools for LaTeX (JAW)
\etb@tempcnta=\count181
) (/usr/share/texmf-dist/tex/latex/base/inputenc.sty
Package: inputenc 2018/08/11 v1.3c Input encoding file
\inpenc@prehook=\toks15
\inpenc@posthook=\toks16
) (/usr/share/texmf-dist/tex/latex/mathtools/mathtools.sty
Package: mathtools 2020/03/24 v1.24 mathematical typesetting tools
 (/usr/share/texmf-dist/tex/latex/graphics/keyval.sty
Package: keyval 2014/10/28 v1.15 key=value parser (DPC)
\KV@toks@=\toks17
) (/usr/share/texmf-dist/tex/latex/tools/calc.sty
Package: calc 2017/05/25 v4.3 Infix arithmetic (KKT,FJ)
\calc@Acount=\count182
\calc@Bcount=\count183
\calc@Adimen=\dimen136
\calc@Bdimen=\dimen137
\calc@Askip=\skip49
\calc@Bskip=\skip50
LaTeX Info: Redefining \setlength on input line 80.
LaTeX Info: Redefining \addtolength on input line 81.
\calc@Ccount=\count184
\calc@Cskip=\skip51
) (/usr/share/texmf-dist/tex/latex/mathtools/mhsetup.sty
Package: mhsetup 2017/03/31 v1.3 programming setup (MH)
) (/usr/share/texmf-dist/tex/latex/amsmath/amsmath.sty
Package: amsmath 2020/01/20 v2.17e AMS math features
\@mathmargin=\skip52

For additional information on amsmath, use the `?' option.
(/usr/share/texmf-dist/tex/latex/amsmath/amstext.sty
Package: amstext 2000/06/29 v2.01 AMS text
 (/usr/share/texmf-dist/tex/latex/amsmath/amsgen.sty
File: amsgen.sty 1999/11/30 v2.0 generic functions
\@emptytoks=\toks18
\ex@=\dimen138
)) (/usr/share/texmf-dist/tex/latex/amsmath/amsbsy.sty
Package: amsbsy 1999/11/29 v1.2d Bold Symbols
\pmbraise@=\dimen139
) (/usr/share/texmf-dist/tex/latex/amsmath/amsopn.sty
Package: amsopn 2016/03/08 v2.02 operator names
)
\inf@bad=\count185
LaTeX Info: Redefining \frac on input line 227.
\uproot@=\count186
\leftroot@=\count187
LaTeX Info: Redefining \overline on input line 389.
\classnum@=\count188
\DOTSCASE@=\count189
LaTeX Info: Redefining \ldots on input line 486.
LaTeX Info: Redefining \dots on input line 489.
LaTeX Info: Redefining \cdots on input line 610.
\Mathstrutbox@=\box45
\strutbox@=\box46
\big@size=\dimen140
LaTeX Font Info:    Redeclaring font encoding OML on input line 733.
LaTeX Font Info:    Redeclaring font encoding OMS on input line 734.
\macc@depth=\count190
\c@MaxMatrixCols=\count191
\dotsspace@=\muskip16
\c@parentequation=\count192
\dspbrk@lvl=\count193
\tag@help=\toks19
\row@=\count194
\column@=\count195
\maxfields@=\count196
\andhelp@=\toks20
\eqnshift@=\dimen141
\alignsep@=\dimen142
\tagshift@=\dimen143
\tagwidth@=\dimen144
\totwidth@=\dimen145
\lineht@=\dimen146
\@envbody=\toks21
\multlinegap=\skip53
\multlinetaggap=\skip54
\mathdisplay@stack=\toks22
LaTeX Info: Redefining \[ on input line 2859.
LaTeX Info: Redefining \] on input line 2860.
)
LaTeX Info: Thecontrolsequence`\('isalreadyrobust on input line 130.
LaTeX Info: Thecontrolsequence`\)'isalreadyrobust on input line 130.
LaTeX Info: Thecontrolsequence`\['isalreadyrobust on input line 130.
LaTeX Info: Thecontrolsequence`\]'isalreadyrobust on input line 130.
\g_MT_multlinerow_int=\count197
\l_MT_multwidth_dim=\dimen147
\origjot=\skip55
\l_MT_shortvdotswithinadjustabove_dim=\dimen148
\l_MT_shortvdotswithinadjustbelow_dim=\dimen149
\l_MT_above_intertext_sep=\dimen150
\l_MT_below_intertext_sep=\dimen151
\l_MT_above_shortintertext_sep=\dimen152
\l_MT_below_shortintertext_sep=\dimen153
\xmathstrut@box=\box47
\xmathstrut@dim=\dimen154
) (/usr/share/texmf-dist/tex/latex/graphics/graphicx.sty
Package: graphicx 2019/11/30 v1.2a Enhanced LaTeX Graphics (DPC,SPQR)
 (/usr/share/texmf-dist/tex/latex/graphics/graphics.sty
Package: graphics 2019/11/30 v1.4a Standard LaTeX Graphics (DPC,SPQR)
 (/usr/share/texmf-dist/tex/latex/graphics/trig.sty
Package: trig 2016/01/03 v1.10 sin cos tan (DPC)
) (/usr/share/texmf-dist/tex/latex/graphics-cfg/graphics.cfg
File: graphics.cfg 2016/06/04 v1.11 sample graphics configuration
)
Package graphics Info: Driver file: pdftex.def on input line 105.
 (/usr/share/texmf-dist/tex/latex/graphics-def/pdftex.def
File: pdftex.def 2018/01/08 v1.0l Graphics/color driver for pdftex
))
\Gin@req@height=\dimen155
\Gin@req@width=\dimen156
) (/usr/share/texmf-dist/tex/latex/setspace/setspace.sty
Package: setspace 2011/12/19 v6.7a set line spacing
) (/usr/share/texmf-dist/tex/latex/l3backend/l3backend-pdfmode.def
File: l3backend-pdfmode.def 2020-06-03 L3 backend support: PDF mode
\l__kernel_color_stack_int=\count198
\l__pdf_internal_box=\box48
) (/home/_starkiller/Desktop/tesi/tesi.aux

LaTeX Warning: Label `fig:ratio' multiply defined.


LaTeX Warning: Label `' multiply defined.


LaTeX Warning: Label `' multiply defined.


LaTeX Warning: Label `' multiply defined.


LaTeX Warning: Label `' multiply defined.

)
LaTeX Font Info:    Checking defaults for OML/cmm/m/it on input line 14.
LaTeX Font Info:    ... okay on input line 14.
LaTeX Font Info:    Checking defaults for OMS/cmsy/m/n on input line 14.
LaTeX Font Info:    ... okay on input line 14.
LaTeX Font Info:    Checking defaults for OT1/cmr/m/n on input line 14.
LaTeX Font Info:    ... okay on input line 14.
LaTeX Font Info:    Checking defaults for T1/cmr/m/n on input line 14.
LaTeX Font Info:    ... okay on input line 14.
LaTeX Font Info:    Checking defaults for TS1/cmr/m/n on input line 14.
LaTeX Font Info:    ... okay on input line 14.
LaTeX Font Info:    Checking defaults for OMX/cmex/m/n on input line 14.
LaTeX Font Info:    ... okay on input line 14.
LaTeX Font Info:    Checking defaults for U/cmr/m/n on input line 14.
LaTeX Font Info:    ... okay on input line 14.
LaTeX Info: Redefining \it@ocap on input line 14.
LaTeX Info: Redefining \it@ccap on input line 14.
 (/usr/share/texmf-dist/tex/context/base/mkii/supp-pdf.mkii
[Loading MPS to PDF converter (version 2006.09.02).]
\scratchcounter=\count199
\scratchdimen=\dimen157
\scratchbox=\box49
\nofMPsegments=\count266
\nofMParguments=\count267
\everyMPshowfont=\toks23
\MPscratchCnt=\count268
\MPscratchDim=\dimen158
\MPnumerator=\count269
\makeMPintoPDFobject=\count270
\everyMPtoPDFconversion=\toks24
) (/usr/share/texmf-dist/tex/latex/epstopdf-pkg/epstopdf-base.sty
Package: epstopdf-base 2020-01-24 v2.11 Base part for package epstopdf
Package epstopdf-base Info: Redefining graphics rule for `.eps' on input line 485.
 (/usr/share/texmf-dist/tex/latex/latexconfig/epstopdf-sys.cfg
File: epstopdf-sys.cfg 2010/07/13 v1.3 Configuration of (r)epstopdf for TeX Live
))
<immagini/logo_unipd.png, id=1, 205.2468pt x 95.3964pt>
File: immagini/logo_unipd.png Graphic file (type png)
<use immagini/logo_unipd.png>
Package pdftex.def Info: immagini/logo_unipd.png  used on input line 20.
(pdftex.def)             Requested size: 143.67175pt x 66.777pt.
<immagini/logo_dei.png, id=2, 52.2753pt x 161.1621pt>
File: immagini/logo_dei.png Graphic file (type png)
<use immagini/logo_dei.png>
Package pdftex.def Info: immagini/logo_dei.png  used on input line 25.
(pdftex.def)             Requested size: 26.13757pt x 80.58084pt.

Underfull \hbox (badness 10000) in paragraph at lines 18--29

 []

[1


{/var/lib/texmf/fonts/map/pdftex/updmap/pdftex.map} </home/_starkiller/Desktop/tesi/immagini/logo_unipd.png> </home/_starkiller/Desktop/tesi/immagini/logo_dei.png>] [2

] (/home/_starkiller/Desktop/tesi/tesi.toc)
\tf@toc=\write3
 [3] [4

] (/home/_starkiller/Desktop/tesi/tesi.lof)
\tf@lof=\write4
 [5] [6

] [1

] [2

]
Capitolo 1.

Package amsmath Warning: Cannot use `split' here;
(amsmath)                trying to recover with `aligned' on input line 110.

[1

]

LaTeX Warning: Command \textellipsis invalid in math mode on input line 138.

[2]
<immagini/cutting_planes.png, id=52, 221.628pt x 210.5466pt>
File: immagini/cutting_planes.png Graphic file (type png)
<use immagini/cutting_planes.png>
Package pdftex.def Info: immagini/cutting_planes.png  used on input line 175.
(pdftex.def)             Requested size: 155.13853pt x 147.3816pt.
 [3] [4 </home/_starkiller/Desktop/tesi/immagini/cutting_planes.png>]
<immagini/cricca.png, id=62, 220.825pt x 216.81pt>
File: immagini/cricca.png Graphic file (type png)
<use immagini/cricca.png>
Package pdftex.def Info: immagini/cricca.png  used on input line 210.
(pdftex.def)             Requested size: 110.41222pt x 108.40472pt.
 [5 </home/_starkiller/Desktop/tesi/immagini/cricca.png>] [6

]
Capitolo 2.
[7] [8

]
Overfull \hbox (18.22906pt too wide) in paragraph at lines 255--318
 [] 
 []

<immagini/output_example.png, id=78, 575.14874pt x 434.62375pt>
File: immagini/output_example.png Graphic file (type png)
<use immagini/output_example.png>
Package pdftex.def Info: immagini/output_example.png  used on input line 331.
(pdftex.def)             Requested size: 287.57367pt x 217.31134pt.
[9

]
Underfull \hbox (badness 10000) in paragraph at lines 344--353

 []


Underfull \hbox (badness 10000) in paragraph at lines 344--353

 []

[10 </home/_starkiller/Desktop/tesi/immagini/output_example.png>] [11] [12

]
Capitolo 3.
[13]
<immagini/chart_agg.jpg, id=99, 578.16pt x 433.62pt>
File: immagini/chart_agg.jpg Graphic file (type jpg)
<use immagini/chart_agg.jpg>
Package pdftex.def Info: immagini/chart_agg.jpg  used on input line 397.
(pdftex.def)             Requested size: 370.02113pt x 277.51585pt.
 [14 </home/_starkiller/Desktop/tesi/immagini/chart_agg.jpg>]
<immagini/chart_agg2.jpg, id=103, 578.16pt x 433.62pt>
File: immagini/chart_agg2.jpg Graphic file (type jpg)
<use immagini/chart_agg2.jpg>
Package pdftex.def Info: immagini/chart_agg2.jpg  used on input line 410.
(pdftex.def)             Requested size: 375.79955pt x 281.84966pt.

Underfull \hbox (badness 10000) in paragraph at lines 401--418

 []

<immagini/chart_exp1_mod011.jpg, id=104, 578.16pt x 505.89pt>
File: immagini/chart_exp1_mod011.jpg Graphic file (type jpg)
<use immagini/chart_exp1_mod011.jpg>
Package pdftex.def Info: immagini/chart_exp1_mod011.jpg  used on input line 426.
(pdftex.def)             Requested size: 375.79955pt x 328.82458pt.

Underfull \hbox (badness 10000) in paragraph at lines 420--433

 []

[15

 </home/_starkiller/Desktop/tesi/immagini/chart_agg2.jpg>] [16 </home/_starkiller/Desktop/tesi/immagini/chart_exp1_mod011.jpg>]
Capitolo 4.
[17

] [18

]
Overfull \hbox (191.71527pt too wide) in paragraph at lines 452--454
\OML/cmm/m/it/12 https \OT1/cmr/m/n/12 : \OML/cmm/m/it/12 ==www:ibm:com=support=knowledgecenter=SSSA\OT1/cmr/m/n/12 5\OML/cmm/m/it/12 P[]\OT1/cmr/m/n/12 2\OML/cmm/m/it/12 :\OT1/cmr/m/n/12 7\OML/cmm/m/it/12 :\OT1/cmr/m/n/12 1\OML/cmm/m/it/12 =ilog:odms:studio:help=pdf=usrcplex:pdf$ 
 []

[19] (/home/_starkiller/Desktop/tesi/tesi.aux)

LaTeX Warning: There were multiply-defined labels.

 ) 
Here is how much of TeX's memory you used:
 3819 strings out of 480478
 52543 string characters out of 5905960
 325008 words of memory out of 5000000
 19788 multiletter control sequences out of 15000+600000
 550922 words of font info for 57 fonts, out of 8000000 for 9000
 1141 hyphenation exceptions out of 8191
 37i,17n,29p,827b,281s stack positions out of 5000i,500n,10000p,200000b,80000s
{/usr/share/texmf-dist/fonts/enc/dvips/cm-super/cm-super-t1.enc}{/usr/share/texmf-dist/fonts/enc/dvips/cm-super/cm-super-ts1.enc}</usr/share/texmf-dist/fonts/type1/public/amsfonts/cm/cmex10.pfb></usr/share/texmf-dist/fonts/type1/public/amsfonts/cm/cmmi12.pfb></usr/share/texmf-dist/fonts/type1/public/amsfonts/cm/cmmi6.pfb></usr/share/texmf-dist/fonts/type1/public/amsfonts/cm/cmmi8.pfb></usr/share/texmf-dist/fonts/type1/public/amsfonts/cm/cmr12.pfb></usr/share/texmf-dist/fonts/type1/public/amsfonts/cm/cmr8.pfb></usr/share/texmf-dist/fonts/type1/public/amsfonts/cm/cmsy10.pfb></usr/share/texmf-dist/fonts/type1/public/cm-super/sfbx1200.pfb></usr/share/texmf-dist/fonts/type1/public/cm-super/sfbx1440.pfb></usr/share/texmf-dist/fonts/type1/public/cm-super/sfbx1728.pfb></usr/share/texmf-dist/fonts/type1/public/cm-super/sfbx2488.pfb></usr/share/texmf-dist/fonts/type1/public/cm-super/sfcc1440.pfb></usr/share/texmf-dist/fonts/type1/public/cm-super/sfcc1728.pfb></usr/share/texmf-dist/fonts/type1/public/cm-super/sfcc2074.pfb></usr/share/texmf-dist/fonts/type1/public/cm-super/sfrm0800.pfb></usr/share/texmf-dist/fonts/type1/public/cm-super/sfrm1200.pfb></usr/share/texmf-dist/fonts/type1/public/cm-super/sfrm1440.pfb></usr/share/texmf-dist/fonts/type1/public/cm-super/sfsl1200.pfb></usr/share/texmf-dist/fonts/type1/public/cm-super/sfti1440.pfb></usr/share/texmf-dist/fonts/type1/public/cm-super/sfxc2488.pfb>
Output written on /home/_starkiller/Desktop/tesi/tesi.pdf (27 pages, 714303 bytes).
PDF statistics:
 188 PDF objects out of 1000 (max. 8388607)
 126 compressed objects within 2 object streams
 0 named destinations out of 1000 (max. 500000)
 41 words of extra memory for PDF output out of 10000 (max. 10000000)

